-------------------------------------------------------------------------------
Test set: com.asan.couirertracking.integrationtest.RedisIntegrationTest
-------------------------------------------------------------------------------
Tests run: 1, Failures: 0, Errors: 1, Skipped: 0, Time elapsed: 0.793 s <<< FAILURE! - in com.asan.couirertracking.integrationtest.RedisIntegrationTest
redisIntegration_Test  Time elapsed: 0 s  <<< ERROR!
java.lang.IllegalStateException: Failed to load ApplicationContext
Caused by: org.springframework.beans.factory.BeanCreationException: Error creating bean with name 'kafkaConfiguration': Injection of autowired dependencies failed; nested exception is java.lang.IllegalArgumentException: Could not resolve placeholder 'spring.kafka.bootstrap-servers' in value "${spring.kafka.bootstrap-servers}"
Caused by: java.lang.IllegalArgumentException: Could not resolve placeholder 'spring.kafka.bootstrap-servers' in value "${spring.kafka.bootstrap-servers}"

